build/app/outputs/mapping/release/mapping.txt
# compiler: R8
# compiler_version: 1.5.64
# min_api: 16
# pg_map_id: 6ce13cd
com.example.insta_app.MainActivity -> com.example.insta_app.MainActivity:
    void configureFlutterEngine(io.flutter.embedding.engine.FlutterEngine) -> a
...
io.flutter.embedding.android.FlutterActivityAndFragmentDelegate -> c.a.b.a.e:
    io.flutter.embedding.android.FlutterSplashView flutterSplashView -> c
    io.flutter.plugin.platform.PlatformPlugin platformPlugin -> e
    io.flutter.embedding.android.FlutterView flutterView -> d
    io.flutter.embedding.engine.renderer.FlutterUiDisplayListener flutterUiDisplayListener -> g
    io.flutter.embedding.engine.FlutterEngine flutterEngine -> b
    boolean isFlutterEngineFromHost -> f
    io.flutter.embedding.android.FlutterActivityAndFragmentDelegate$Host host -> a
    io.flutter.embedding.android.FlutterActivityAndFragmentDelegate$Host access$000(io.flutter.embedding.android.FlutterActivityAndFragmentDelegate) -> a
    boolean isFlutterEngineFromHost() -> a
    void onActivityCreated(android.os.Bundle) -> a
    void onActivityResult(int,int,android.content.Intent) -> a
    void onAttach(android.content.Context) -> a
    android.view.View onCreateView(android.view.LayoutInflater,android.view.ViewGroup,android.os.Bundle) -> a
    void onNewIntent(android.content.Intent) -> a
    void onRequestPermissionsResult(int,java.lang.String[],int[]) -> a
    void onTrimMemory(int) -> a
    io.flutter.embedding.engine.FlutterEngine access$100(io.flutter.embedding.android.FlutterActivityAndFragmentDelegate) -> b
    void onBackPressed() -> b
    void onSaveInstanceState(android.os.Bundle) -> b
io.flutter.embedding.android.FlutterActivityAndFragmentDelegate$1 -> c.a.b.a.e$a:
    io.flutter.embedding.android.FlutterActivityAndFragmentDelegate this$0 -> a
    void onFlutterUiDisplayed() -> a
    void onFlutterUiNoLongerDisplayed() -> b
io.flutter.embedding.android.FlutterActivityAndFragmentDelegate$2 -> c.a.b.a.e$b:
    io.flutter.embedding.android.FlutterActivityAndFragmentDelegate this$0 -> a
io.flutter.embedding.android.FlutterActivityAndFragmentDelegate$Host -> c.a.b.a.e$c:
    void configureFlutterEngine(io.flutter.embedding.engine.FlutterEngine) -> a
    void onFlutterUiDisplayed() -> a
    io.flutter.embedding.engine.FlutterEngine provideFlutterEngine(android.content.Context) -> a
    io.flutter.plugin.platform.PlatformPlugin providePlatformPlugin(android.app.Activity,io.flutter.embedding.engine.FlutterEngine) -> a
    void cleanUpFlutterEngine(io.flutter.embedding.engine.FlutterEngine) -> b
    void onFlutterUiNoLongerDisplayed() -> b
    androidx.lifecycle.Lifecycle getLifecycle() -> c
    android.app.Activity getActivity() -> d
    java.lang.String getInitialRoute() -> e
    io.flutter.embedding.android.FlutterView$TransparencyMode getTransparencyMode() -> f
    io.flutter.embedding.engine.FlutterShellArgs getFlutterShellArgs() -> g
    java.lang.String getCachedEngineId() -> h
    java.lang.String getAppBundlePath() -> i
    java.lang.String getDartEntrypointFunctionName() -> j
    boolean shouldAttachEngineToActivity() -> k
    io.flutter.embedding.android.FlutterView$RenderMode getRenderMode() -> l
    boolean shouldDestroyEngineWithHost() -> m
    io.flutter.embedding.android.SplashScreen provideSplashScreen() -> n
    android.content.Context getContext() -> o
io.flutter.embedding.android.FlutterActivityLaunchConfigs$BackgroundMode -> c.a.b.a.f:
    io.flutter.embedding.android.FlutterActivityLaunchConfigs$BackgroundMode opaque -> a
    io.flutter.embedding.android.FlutterActivityLaunchConfigs$BackgroundMode transparent -> b
    io.flutter.embedding.android.FlutterActivityLaunchConfigs$BackgroundMode[] $VALUES -> c
io.flutter.embedding.android.FlutterEngineConfigurator -> c.a.b.a.g:
io.flutter.embedding.android.FlutterEngineProvider -> c.a.b.a.h: